<?xml version="1.0" encoding="UTF-8"?>
<testsuite name="pl.zajavka.mortgage.services.TimePointCalculationServiceImplTest" tests="4" skipped="0" failures="0" errors="0" timestamp="2023-03-07T14:33:20" hostname="KOMPUTER" time="0.222">
  <properties/>
  <testcase name="[1] 2010-02-01, 12, 1, 12, 2010-01-01" classname="pl.zajavka.mortgage.services.TimePointCalculationServiceImplTest" time="0.1"/>
  <testcase name="[2] 2010-02-01, 15, 2, 3, 2010-01-01" classname="pl.zajavka.mortgage.services.TimePointCalculationServiceImplTest" time="0.01"/>
  <testcase name="[3] 2013-10-01, 76, 7, 4, 2013-09-01" classname="pl.zajavka.mortgage.services.TimePointCalculationServiceImplTest" time="0.001"/>
  <testcase name="Should calculate first rate time point successfully" classname="pl.zajavka.mortgage.services.TimePointCalculationServiceImplTest" time="0.065"/>
  <system-out><![CDATA[]]></system-out>
  <system-err><![CDATA[]]></system-err>
</testsuite>
